2025-07-24 20:42:07,028 - INFO - Starting deletion augmentation process
2025-07-24 20:42:10,716 - INFO - Processing video 117
2025-07-24 20:42:10,847 - INFO - Generating beginning deletions for video 117
2025-07-24 20:42:10,988 - INFO - Completed beginning deletions for video 117
2025-07-24 20:42:10,989 - INFO - Generating middle deletions for video 117
2025-07-24 20:42:11,077 - INFO - Completed middle deletions for video 117
2025-07-24 20:42:11,077 - INFO - Generating end deletions for video 117
2025-07-24 20:42:11,176 - INFO - Completed end deletions for video 117
2025-07-24 20:42:11,177 - INFO - Generating random deletions for video 117
2025-07-24 20:42:11,257 - INFO - Completed random deletions for video 117
2025-07-24 20:42:11,257 - INFO - Processing video 1263
2025-07-24 20:42:11,264 - INFO - Generating beginning deletions for video 1263
2025-07-24 20:42:11,359 - INFO - Completed beginning deletions for video 1263
2025-07-24 20:42:11,359 - INFO - Generating middle deletions for video 1263
2025-07-24 20:42:11,448 - INFO - Completed middle deletions for video 1263
2025-07-24 20:42:11,448 - INFO - Generating end deletions for video 1263
2025-07-24 20:42:11,523 - INFO - Completed end deletions for video 1263
2025-07-24 20:42:11,523 - INFO - Generating random deletions for video 1263
2025-07-24 20:42:11,591 - INFO - Completed random deletions for video 1263
2025-07-24 20:42:11,591 - INFO - Deletion augmentation process completed!
