2025-07-24 20:34:58,967 - INFO - Starting addition augmentation process
2025-07-24 20:35:02,488 - INFO - Processing video 117
2025-07-24 20:35:02,623 - INFO - Generating beginning additions for video 117
2025-07-24 20:35:02,760 - INFO - Completed beginning additions for video 117
2025-07-24 20:35:02,761 - INFO - Generating middle additions for video 117
2025-07-24 20:35:02,832 - INFO - Completed middle additions for video 117
2025-07-24 20:35:02,833 - INFO - Generating end additions for video 117
2025-07-24 20:35:02,912 - INFO - Completed end additions for video 117
2025-07-24 20:35:02,913 - INFO - Generating random additions for video 117
2025-07-24 20:35:02,982 - INFO - Completed random additions for video 117
2025-07-24 20:35:02,982 - INFO - Processing video 1263
2025-07-24 20:35:02,988 - INFO - Generating beginning additions for video 1263
2025-07-24 20:35:03,064 - INFO - Completed beginning additions for video 1263
2025-07-24 20:35:03,064 - INFO - Generating middle additions for video 1263
2025-07-24 20:35:03,136 - INFO - Completed middle additions for video 1263
2025-07-24 20:35:03,136 - INFO - Generating end additions for video 1263
2025-07-24 20:35:03,205 - INFO - Completed end additions for video 1263
2025-07-24 20:35:03,206 - INFO - Generating random additions for video 1263
2025-07-24 20:35:03,269 - INFO - Completed random additions for video 1263
2025-07-24 20:35:03,269 - INFO - Addition augmentation process completed!
