2025-07-24 20:28:21,060 - INFO - Starting addition augmentation process
2025-07-24 20:28:24,409 - INFO - Processing video 117
2025-07-24 20:28:24,543 - INFO - Generating beginning additions for video 117
2025-07-24 20:28:24,677 - INFO - Completed beginning additions for video 117
2025-07-24 20:28:24,677 - INFO - Generating middle additions for video 117
2025-07-24 20:28:24,758 - INFO - Completed middle additions for video 117
2025-07-24 20:28:24,758 - INFO - Generating end additions for video 117
2025-07-24 20:28:24,852 - INFO - Completed end additions for video 117
2025-07-24 20:28:24,852 - INFO - Generating random additions for video 117
2025-07-24 20:28:24,926 - INFO - Completed random additions for video 117
2025-07-24 20:28:24,926 - INFO - Processing video 1263
2025-07-24 20:28:24,933 - INFO - Generating beginning additions for video 1263
2025-07-24 20:28:25,013 - INFO - Completed beginning additions for video 1263
2025-07-24 20:28:25,014 - INFO - Generating middle additions for video 1263
2025-07-24 20:28:25,080 - INFO - Completed middle additions for video 1263
2025-07-24 20:28:25,080 - INFO - Generating end additions for video 1263
2025-07-24 20:28:25,140 - INFO - Completed end additions for video 1263
2025-07-24 20:28:25,140 - INFO - Generating random additions for video 1263
2025-07-24 20:28:25,203 - INFO - Completed random additions for video 1263
2025-07-24 20:28:25,203 - INFO - Addition augmentation process completed!
